lun abr 25 18:46:02 CEST 2022 success

lun abr 25 19:25:04 CEST 2022 success

lun abr 25 20:10:04 CEST 2022 success

lun abr 25 22:10:04 CEST 2022 success

mar abr 26 00:10:04 CEST 2022 success

mar abr 26 08:10:10 CEST 2022 success

mar abr 26 10:10:11 CEST 2022 success

mar abr 26 12:10:05 CEST 2022 success

mar abr 26 14:10:09 CEST 2022 success

mar abr 26 16:10:09 CEST 2022 success

mar abr 26 18:10:10 CEST 2022 success

mar abr 26 20:10:14 CEST 2022 success

mar abr 26 22:10:10 CEST 2022 success

mié abr 27 00:10:09 CEST 2022 success

mié abr 27 02:10:10 CEST 2022 success

mié abr 27 04:10:10 CEST 2022 success

mié abr 27 06:10:10 CEST 2022 success

mié abr 27 08:10:09 CEST 2022 success

mié abr 27 10:10:09 CEST 2022 success

mié abr 27 12:10:09 CEST 2022 success

mié abr 27 14:10:09 CEST 2022 success

mié abr 27 16:10:10 CEST 2022 success

mié abr 27 18:10:06 CEST 2022 success

mié abr 27 20:10:06 CEST 2022 success

mié abr 27 22:10:05 CEST 2022 success

dom may 15 20:10:04 CEST 2022 success

dom may 15 22:10:04 CEST 2022 success

lun may 16 00:10:09 CEST 2022 success

lun may 16 02:10:04 CEST 2022 success

lun may 16 04:10:05 CEST 2022 success

lun may 16 06:10:05 CEST 2022 success

lun may 16 08:10:10 CEST 2022 success

lun may 16 10:10:04 CEST 2022 success

lun may 16 12:10:05 CEST 2022 success

lun may 16 14:10:10 CEST 2022 success

lun may 16 16:10:09 CEST 2022 success

lun may 16 18:10:04 CEST 2022 success

lun may 16 20:10:04 CEST 2022 success

mar may 17 00:10:04 CEST 2022 success

mar may 17 02:10:05 CEST 2022 success

mar may 17 04:10:05 CEST 2022 success

mar may 17 06:10:05 CEST 2022 success

mar may 17 08:10:05 CEST 2022 success

mar may 17 10:10:04 CEST 2022 success

mar may 17 12:10:04 CEST 2022 success

mar may 17 14:10:04 CEST 2022 success

mar may 17 16:10:11 CEST 2022 success

mar may 17 18:10:07 CEST 2022 success

mar may 17 20:10:05 CEST 2022 success

mar may 17 22:10:04 CEST 2022 success

mié may 18 00:10:05 CEST 2022 success

mié may 18 02:10:05 CEST 2022 success

mié may 18 04:10:05 CEST 2022 success

mié may 18 06:10:04 CEST 2022 success

mié may 18 08:10:04 CEST 2022 success

mié may 18 10:10:04 CEST 2022 success

mié may 18 12:10:09 CEST 2022 success

mié may 18 14:10:04 CEST 2022 success

mié may 18 16:10:04 CEST 2022 success

mié may 18 18:10:04 CEST 2022 success

mié may 18 20:10:04 CEST 2022 success

mié may 18 22:10:05 CEST 2022 success

jue may 19 00:10:05 CEST 2022 success

jue may 19 02:10:04 CEST 2022 success

jue may 19 04:10:04 CEST 2022 success

jue may 19 06:10:05 CEST 2022 success

jue may 19 08:10:05 CEST 2022 success

jue may 19 10:10:05 CEST 2022 success

jue may 19 12:10:04 CEST 2022 success

jue may 19 14:10:05 CEST 2022 success

jue may 19 16:10:04 CEST 2022 success

jue may 19 18:10:03 CEST 2022 success

jue may 19 20:10:04 CEST 2022 success

jue may 19 22:10:04 CEST 2022 success

vie may 20 00:10:04 CEST 2022 success

vie may 20 02:10:04 CEST 2022 success

vie may 20 04:10:03 CEST 2022 success

vie may 20 06:10:04 CEST 2022 success

vie may 20 08:10:08 CEST 2022 success

vie may 20 10:10:04 CEST 2022 success

vie may 20 12:10:04 CEST 2022 success

vie may 20 14:10:04 CEST 2022 success

vie may 20 16:10:05 CEST 2022 success

vie may 20 18:10:09 CEST 2022 success

vie may 20 20:10:04 CEST 2022 success

vie may 20 22:10:09 CEST 2022 success

sáb may 21 00:10:04 CEST 2022 success

sáb may 21 02:10:09 CEST 2022 success

sáb may 21 04:10:09 CEST 2022 success

sáb may 21 06:10:09 CEST 2022 success

sáb may 21 08:10:04 CEST 2022 success

sáb may 21 10:10:04 CEST 2022 success

sáb may 21 12:10:09 CEST 2022 success

sáb may 21 14:10:09 CEST 2022 success

sáb may 21 16:10:29 CEST 2022 success

sáb may 21 18:10:09 CEST 2022 success

jue may 26 18:10:05 CEST 2022 success

jue may 26 20:10:04 CEST 2022 success

jue may 26 22:10:04 CEST 2022 success

vie may 27 00:10:04 CEST 2022 success

vie may 27 02:10:04 CEST 2022 success

vie may 27 04:10:04 CEST 2022 success

vie may 27 06:10:03 CEST 2022 success

vie may 27 08:10:09 CEST 2022 success

vie may 27 10:10:04 CEST 2022 success

vie may 27 12:10:04 CEST 2022 success

vie may 27 14:10:09 CEST 2022 success

vie may 27 16:10:04 CEST 2022 success

vie may 27 18:10:04 CEST 2022 success

vie may 27 20:10:04 CEST 2022 success

vie may 27 22:10:03 CEST 2022 success

sáb may 28 00:10:04 CEST 2022 success

sáb may 28 04:10:04 CEST 2022 success

sáb may 28 06:10:09 CEST 2022 success

sáb may 28 08:10:03 CEST 2022 success

sáb may 28 10:10:04 CEST 2022 success

sáb may 28 12:10:09 CEST 2022 success

sáb may 28 14:10:04 CEST 2022 success

sáb may 28 16:10:04 CEST 2022 success

sáb may 28 18:10:04 CEST 2022 success

sáb may 28 20:10:04 CEST 2022 success

sáb may 28 22:10:04 CEST 2022 success

dom may 29 00:10:04 CEST 2022 success

dom may 29 02:10:04 CEST 2022 success

dom may 29 04:10:03 CEST 2022 success

dom may 29 06:10:04 CEST 2022 success

dom may 29 08:10:04 CEST 2022 success

dom may 29 10:10:04 CEST 2022 success

dom may 29 12:10:03 CEST 2022 success

dom may 29 14:10:04 CEST 2022 success

dom may 29 16:10:05 CEST 2022 success

dom may 29 18:10:05 CEST 2022 success

dom may 29 20:10:04 CEST 2022 success

dom may 29 22:10:06 CEST 2022 success

lun may 30 00:10:09 CEST 2022 success

lun may 30 02:10:04 CEST 2022 success

lun may 30 04:10:04 CEST 2022 success

lun may 30 06:10:04 CEST 2022 success

lun may 30 08:10:04 CEST 2022 success

lun may 30 10:10:04 CEST 2022 success

lun may 30 12:10:04 CEST 2022 success

lun may 30 14:10:04 CEST 2022 success

lun may 30 16:10:04 CEST 2022 success

lun may 30 18:10:04 CEST 2022 success

lun may 30 20:10:04 CEST 2022 success

lun may 30 22:10:04 CEST 2022 success

mar may 31 00:10:03 CEST 2022 success

mar may 31 02:10:04 CEST 2022 success

mar may 31 04:10:04 CEST 2022 success

mar may 31 06:10:04 CEST 2022 success

mar may 31 08:10:04 CEST 2022 success

mar may 31 10:10:04 CEST 2022 success

mar may 31 12:10:04 CEST 2022 success

mar may 31 14:10:03 CEST 2022 success

mar may 31 16:10:04 CEST 2022 success

mar may 31 18:10:04 CEST 2022 success

mar may 31 20:10:04 CEST 2022 success

mar may 31 22:10:04 CEST 2022 success

mié jun 1 00:10:04 CEST 2022 success

